This file contains any messages produced by compilers while
running configure, to aid debugging if configure makes a mistake.

It was created by Conformal Map Transforms - ellipsoidal configure 3.1, which was
generated by GNU Autoconf 2.60.  Invocation command line was

  $ ./configure CC=/Users/czenzel/Documents/Source/emsdk_portable/emscripten/1.35.0/emcc CFLAGS=-Wall -fsigned-char ARFLAGS=

## --------- ##
## Platform. ##
## --------- ##

hostname = Chris-Zenzel-Macbook-Pro.local
uname -m = x86_64
uname -r = 16.3.0
uname -s = Darwin
uname -v = Darwin Kernel Version 16.3.0: Thu Nov 17 20:23:58 PST 2016; root:xnu-3789.31.2~1/RELEASE_X86_64

/usr/bin/uname -p = i386
/bin/uname -X     = unknown

/bin/arch              = unknown
/usr/bin/arch -k       = unknown
/usr/convex/getsysinfo = unknown
/usr/bin/hostinfo      = Mach kernel version:
	 Darwin Kernel Version 16.3.0: Thu Nov 17 20:23:58 PST 2016; root:xnu-3789.31.2~1/RELEASE_X86_64
Kernel configured for up to 8 processors.
4 processors are physically available.
8 processors are logically available.
Processor type: x86_64h (Intel x86-64h Haswell)
Processors active: 0 1 2 3 4 5 6 7
Primary memory available: 16.00 gigabytes
Default processor set: 333 tasks, 1663 threads, 8 processors
Load average: 2.51, Mach factor: 5.48
/bin/machine           = unknown
/usr/bin/oslevel       = unknown
/bin/universe          = unknown

PATH: /Users/czenzel/Documents/Source/emsdk_portable/emscripten/1.35.0/system/bin
PATH: /Users/czenzel/Documents/Source/emsdk_portable
PATH: /Users/czenzel/Documents/Source/emsdk_portable/clang/e1.35.0_64bit
PATH: /Users/czenzel/Documents/Source/emsdk_portable/node/4.1.1_64bit/bin
PATH: /Users/czenzel/Documents/Source/emsdk_portable/emscripten/1.35.0
PATH: /usr/local/bin
PATH: /usr/bin
PATH: /bin
PATH: /usr/sbin
PATH: /sbin
PATH: /usr/local/share/dotnet
PATH: /Library/Frameworks/Mono.framework/Versions/Current/Commands
PATH: /opt/local/bin
PATH: /opt/local/sbin


## ----------- ##
## Core tests. ##
## ----------- ##

configure:1714: checking for gcc
configure:1741: result: /Users/czenzel/Documents/Source/emsdk_portable/emscripten/1.35.0/emcc
configure:1979: checking for C compiler version
configure:1986: /Users/czenzel/Documents/Source/emsdk_portable/emscripten/1.35.0/emcc --version >&5
emcc (Emscripten gcc/clang-like replacement) 1.35.0 ()
Copyright (C) 2014 the Emscripten authors (see AUTHORS.txt)
This is free and open source software under the MIT license.
There is NO warranty; not even for MERCHANTABILITY or FITNESS FOR A PARTICULAR PURPOSE.
  
configure:1989: $? = 0
configure:1996: /Users/czenzel/Documents/Source/emsdk_portable/emscripten/1.35.0/emcc -v >&5
clang version 3.7.0 (https://github.com/kripken/emscripten-fastcomp-clang dbe68fecd03d6f646bd075963c3cc0e7130e5767) (https://github.com/kripken/emscripten-fastcomp 4e83be90903250ec5142edc57971ed4c633c5e25)
Target: x86_64-apple-darwin16.3.0
Thread model: posix
INFO:root:[32m(Emscripten: Running sanity checks)[0m
emcc (Emscripten gcc/clang-like replacement + linker emulating GNU ld) 1.35.0
configure:1999: $? = 0
configure:2006: /Users/czenzel/Documents/Source/emsdk_portable/emscripten/1.35.0/emcc -V >&5
ERROR:root:[31mno input files
note that input files without a known suffix are ignored, make sure your input files end with one of: ('.c', '.C', '.i', '.cpp', '.cxx', '.cc', '.c++', '.CPP', '.CXX', '.CC', '.C++', '.ii', '.m', '.mi', '.mm', '.mii', '/dev/null', '.bc', '.o', '.obj', '.lo', '.dylib', '.so', '.a', '.ll', '.h', '.hxx', '.hpp', '.hh', '.H', '.HXX', '.HPP', '.HH')[0m
configure:2009: $? = 1
configure:2032: checking for C compiler default output file name
configure:2059: /Users/czenzel/Documents/Source/emsdk_portable/emscripten/1.35.0/emcc -Wall -fsigned-char   conftest.c  >&5
configure:2062: $? = 0
configure:2108: result: a.out
configure:2113: checking whether the C compiler works
configure:2123: ./a.out
configure:2126: $? = 0
configure:2143: result: yes
configure:2150: checking whether we are cross compiling
configure:2152: result: no
configure:2155: checking for suffix of executables
configure:2162: /Users/czenzel/Documents/Source/emsdk_portable/emscripten/1.35.0/emcc -o conftest -Wall -fsigned-char   conftest.c  >&5
configure:2165: $? = 0
configure:2189: result: 
configure:2195: checking for suffix of object files
configure:2221: /Users/czenzel/Documents/Source/emsdk_portable/emscripten/1.35.0/emcc -c -Wall -fsigned-char  conftest.c >&5
configure:2224: $? = 0
configure:2247: result: o
configure:2251: checking whether we are using the GNU C compiler
configure:2280: /Users/czenzel/Documents/Source/emsdk_portable/emscripten/1.35.0/emcc -c -Wall -fsigned-char  conftest.c >&5
configure:2286: $? = 0
configure:2293: test -z "$ac_c_werror_flag" || test ! -s conftest.err
configure:2296: $? = 0
configure:2303: test -s conftest.o
configure:2306: $? = 0
configure:2320: result: yes
configure:2325: checking whether /Users/czenzel/Documents/Source/emsdk_portable/emscripten/1.35.0/emcc accepts -g
configure:2355: /Users/czenzel/Documents/Source/emsdk_portable/emscripten/1.35.0/emcc -c -g  conftest.c >&5
configure:2361: $? = 0
configure:2368: test -z "$ac_c_werror_flag" || test ! -s conftest.err
configure:2371: $? = 0
configure:2378: test -s conftest.o
configure:2381: $? = 0
configure:2511: result: yes
configure:2528: checking for /Users/czenzel/Documents/Source/emsdk_portable/emscripten/1.35.0/emcc option to accept ISO C89
configure:2602: /Users/czenzel/Documents/Source/emsdk_portable/emscripten/1.35.0/emcc  -c -Wall -fsigned-char  conftest.c >&5
configure:2608: $? = 0
configure:2615: test -z "$ac_c_werror_flag" || test ! -s conftest.err
configure:2618: $? = 0
configure:2625: test -s conftest.o
configure:2628: $? = 0
configure:2648: result: none needed
configure:2710: checking for a BSD-compatible install
configure:2766: result: /usr/bin/install -c
configure:2820: checking for ranlib
configure:2847: result: /Users/czenzel/Documents/Source/emsdk_portable/emscripten/1.35.0/emranlib
configure:4101: checking for ar
configure:4129: result: /Users/czenzel/Documents/Source/emsdk_portable/emscripten/1.35.0/emar
configure:4142: checking for strcasecmp
configure:4206: /Users/czenzel/Documents/Source/emsdk_portable/emscripten/1.35.0/emcc -o conftest -Wall -fsigned-char   conftest.c  >&5
conftest.c:31:6: warning: incompatible redeclaration of library function 'strcasecmp' [-Wincompatible-library-redeclaration]
char strcasecmp ();
     ^
conftest.c:31:6: note: 'strcasecmp' is a builtin with type 'int (const char *, const char *)'
1 warning generated.
[0;33mwarning:[0m unexpected number of arguments 0 in call to 'strcasecmp', should be 2
configure:4212: $? = 0
configure:4219: test -z "$ac_c_werror_flag" || test ! -s conftest.err
configure:4222: $? = 0
configure:4229: test -s conftest
configure:4232: $? = 0
configure:4246: result: yes
configure:4382: creating ./config.status

## ---------------------- ##
## Running config.status. ##
## ---------------------- ##

This file was extended by Conformal Map Transforms - ellipsoidal config.status 3.1, which was
generated by GNU Autoconf 2.60.  Invocation command line was

  CONFIG_FILES    = 
  CONFIG_HEADERS  = 
  CONFIG_LINKS    = 
  CONFIG_COMMANDS = 
  $ ./config.status 

on Chris-Zenzel-Macbook-Pro.local

config.status:587: creating Makefile
config.status:587: creating cmapf.h

## ---------------- ##
## Cache variables. ##
## ---------------- ##

ac_cv_c_compiler_gnu=yes
ac_cv_env_ARFLAGS_set=set
ac_cv_env_ARFLAGS_value=
ac_cv_env_CC_set=set
ac_cv_env_CC_value=/Users/czenzel/Documents/Source/emsdk_portable/emscripten/1.35.0/emcc
ac_cv_env_CFLAGS_set=set
ac_cv_env_CFLAGS_value='-Wall -fsigned-char'
ac_cv_env_CPPFLAGS_set=
ac_cv_env_CPPFLAGS_value=
ac_cv_env_F77_set=
ac_cv_env_F77_value=
ac_cv_env_FFLAGS_set=
ac_cv_env_FFLAGS_value=
ac_cv_env_LDFLAGS_set=
ac_cv_env_LDFLAGS_value=
ac_cv_env_build_alias_set=
ac_cv_env_build_alias_value=
ac_cv_env_host_alias_set=
ac_cv_env_host_alias_value=
ac_cv_env_target_alias_set=
ac_cv_env_target_alias_value=
ac_cv_func_strcasecmp=yes
ac_cv_objext=o
ac_cv_path_install='/usr/bin/install -c'
ac_cv_prog_AR=/Users/czenzel/Documents/Source/emsdk_portable/emscripten/1.35.0/emar
ac_cv_prog_ac_ct_CC=/Users/czenzel/Documents/Source/emsdk_portable/emscripten/1.35.0/emcc
ac_cv_prog_ac_ct_RANLIB=/Users/czenzel/Documents/Source/emsdk_portable/emscripten/1.35.0/emranlib
ac_cv_prog_cc_c89=
ac_cv_prog_cc_g=yes

## ----------------- ##
## Output variables. ##
## ----------------- ##

AR='/Users/czenzel/Documents/Source/emsdk_portable/emscripten/1.35.0/emar'
ARFLAGS=''
CC='/Users/czenzel/Documents/Source/emsdk_portable/emscripten/1.35.0/emcc'
CFLAGS='-Wall -fsigned-char'
CPPFLAGS=''
DEFS='-DHAVE_CONFIG_H'
ECHO_C='ECHO_N=''
ECHO_T=''
EXEEXT=''
F77=''
FFLAGS=''
FLIBS=''
FWRAPNAME=''
INSTALL_DATA='${INSTALL} -m 644'
INSTALL_PROGRAM='${INSTALL}'
INSTALL_SCRIPT='${INSTALL}'
LDFLAGS=''
LIBOBJS=''
LIBS=''
LTLIBOBJS=''
OBJEXT='o'
PACKAGE_BUGREPORT='albion.taylor@noaa.gov'
PACKAGE_NAME='Conformal Map Transforms - ellipsoidal'
PACKAGE_STRING='Conformal Map Transforms - ellipsoidal 3.1'
PACKAGE_TARNAME='conformal-map-transforms---ellipsoidal'
PACKAGE_VERSION='3.1'
PATH_SEPARATOR=':'
RANLIB='/Users/czenzel/Documents/Source/emsdk_portable/emscripten/1.35.0/emranlib'
SHELL='/bin/sh'
ac_ct_CC='/Users/czenzel/Documents/Source/emsdk_portable/emscripten/1.35.0/emcc'
ac_ct_F77=''
bindir='${exec_prefix}/bin'
build_alias=''
datadir='${datarootdir}'
datarootdir='${prefix}/share'
docdir='${datarootdir}/doc/${PACKAGE_TARNAME}'
dvidir='${docdir}'
exec_prefix='${prefix}'
host_alias=''
htmldir='${docdir}'
includedir='${prefix}/include'
infodir='${datarootdir}/info'
libdir='${exec_prefix}/lib'
libexecdir='${exec_prefix}/libexec'
localedir='${datarootdir}/locale'
localstatedir='${prefix}/var'
mandir='${datarootdir}/man'
oldincludedir='/usr/include'
pdfdir='${docdir}'
prefix='/usr/local'
program_transform_name='s,x,x,'
psdir='${docdir}'
sbindir='${exec_prefix}/sbin'
sharedstatedir='${prefix}/com'
sysconfdir='${prefix}/etc'
target_alias=''

## ----------- ##
## confdefs.h. ##
## ----------- ##

#define PACKAGE_NAME "Conformal Map Transforms - ellipsoidal"
#define PACKAGE_TARNAME "conformal-map-transforms---ellipsoidal"
#define PACKAGE_VERSION "3.1"
#define PACKAGE_STRING "Conformal Map Transforms - ellipsoidal 3.1"
#define PACKAGE_BUGREPORT "albion.taylor@noaa.gov"
#define HAVE_STRCASECMP 1

configure: exit 0
