This file contains any messages produced by compilers while
running configure, to aid debugging if configure makes a mistake.

configure:928: checking for top-level source-directory
configure:938: checking for m4 preprocessor
configure:945: checking for m4
configure:1012: checking m4 flags
configure:1085: checking C compiler "/Users/czenzel/Documents/Source/emsdk_portable/emscripten/1.35.0/emcc"
configure:1094: /Users/czenzel/Documents/Source/emsdk_portable/emscripten/1.35.0/emcc -c -Wall -fsigned-char -DNDEBUG conftest.c 1>&5
configure:1121: checking how to make dependencies
configure:1294: checking how to run the C preprocessor
configure:1315: /Users/czenzel/Documents/Source/emsdk_portable/emscripten/1.35.0/emcc -E -DNDEBUG conftest.c >/dev/null 2>conftest.out
configure:1548: checking for Fortran .F compiler
configure:1589: checking for Fortran preprocessor
configure:1608: checking user-defined Fortran-90 compiler ""
configure:1615:  -c  conftest.f90
./configure: line 1614: -c: command not found
configure:1740: checking for nm utility
configure:1747: checking for nm
configure:1814: checking nm flags
configure:2451: checking for math library
configure:2455: checking for tanh in -lc
configure:2474: /Users/czenzel/Documents/Source/emsdk_portable/emscripten/1.35.0/emcc -o conftest -Wall -fsigned-char -DNDEBUG  conftest.c -lc   1>&5
configure:2467:6: warning: incompatible redeclaration of library function 'tanh' [-Wincompatible-library-redeclaration]
char tanh();
     ^
configure:2467:6: note: 'tanh' is a builtin with type 'double (double)'
1 warning generated.
[0;33mwarning:[0m unexpected number of arguments 0 in call to 'tanh', should be 1
[0;33mwarning:[0m unexpected return type i8 in call to 'tanh', should be double
configure:2544: checking for ar utility
configure:2586: checking for /Users/czenzel/Documents/Source/emsdk_portable/emscripten/1.35.0/emar
configure:2618: checking ar flags
configure:2627: checking for nm utility
configure:2669: checking for nm
configure:2701: checking nm flags
configure:2711: checking for ranlib
configure:2740: checking for stdlib.h
configure:2750: /Users/czenzel/Documents/Source/emsdk_portable/emscripten/1.35.0/emcc -E -DNDEBUG conftest.c >/dev/null 2>conftest.out
configure:2777: checking for sys/types.h
configure:2787: /Users/czenzel/Documents/Source/emsdk_portable/emscripten/1.35.0/emcc -E -DNDEBUG conftest.c >/dev/null 2>conftest.out
configure:2813: checking for strerror
configure:2841: /Users/czenzel/Documents/Source/emsdk_portable/emscripten/1.35.0/emcc -o conftest -Wall -fsigned-char -DNDEBUG  conftest.c  1>&5
configure:2825:6: warning: incompatible redeclaration of library function 'strerror' [-Wincompatible-library-redeclaration]
char strerror();
     ^
configure:2825:6: note: 'strerror' is a builtin with type 'char *(int)'
1 warning generated.
[0;33mwarning:[0m unexpected number of arguments 0 in call to 'strerror', should be 1
configure:2866: checking for working ftruncate()
configure:2919: /Users/czenzel/Documents/Source/emsdk_portable/emscripten/1.35.0/emcc -o conftest -Wall -fsigned-char -DNDEBUG  conftest.c  1>&5
configure:2877:1: warning: type specifier missing, defaults to 'int' [-Wimplicit-int]
main()
^
1 warning generated.
configure:2941: checking for working alloca.h
configure:2953: /Users/czenzel/Documents/Source/emsdk_portable/emscripten/1.35.0/emcc -o conftest -Wall -fsigned-char -DNDEBUG  conftest.c  1>&5
configure:2949:7: warning: unused variable 'p' [-Wunused-variable]
char *p = alloca(2 * sizeof(int));
      ^
1 warning generated.
configure:2974: checking for alloca
configure:3007: /Users/czenzel/Documents/Source/emsdk_portable/emscripten/1.35.0/emcc -o conftest -Wall -fsigned-char -DNDEBUG  conftest.c  1>&5
configure:3003:7: warning: unused variable 'p' [-Wunused-variable]
char *p = (char *) alloca(1);
      ^
1 warning generated.
configure:3173: checking for st_blksize in struct stat
configure:3186: /Users/czenzel/Documents/Source/emsdk_portable/emscripten/1.35.0/emcc -c -Wall -fsigned-char -DNDEBUG conftest.c 1>&5
configure:3182:18: warning: expression result unused [-Wunused-value]
struct stat s; s.st_blksize;
               ~ ^~~~~~~~~~
1 warning generated.
configure:3208: checking for IEEE floating point format
configure:3246: /Users/czenzel/Documents/Source/emsdk_portable/emscripten/1.35.0/emcc -o conftest -Wall -fsigned-char -DNDEBUG  conftest.c  1>&5
configure:3267: checking for ANSI C header files
configure:3280: /Users/czenzel/Documents/Source/emsdk_portable/emscripten/1.35.0/emcc -E -DNDEBUG conftest.c >/dev/null 2>conftest.out
configure:3347: /Users/czenzel/Documents/Source/emsdk_portable/emscripten/1.35.0/emcc -o conftest -Wall -fsigned-char -DNDEBUG  conftest.c  1>&5
configure:3342:67: warning: implicitly declaring library function 'exit' with type 'void (int) __attribute__((noreturn))'
if (XOR (islower (i), ISLOWER (i)) || toupper (i) != TOUPPER (i)) exit(2);
                                                                  ^
configure:3342:67: note: include the header <stdlib.h> or explicitly provide a declaration for 'exit'
1 warning generated.
configure:3371: checking for size_t
configure:3404: checking for off_t
configure:3437: checking for ssize_t
configure:3470: checking for ptrdiff_t
configure:3503: checking for uchar
configure:3536: checking whether char is unsigned
configure:3575: /Users/czenzel/Documents/Source/emsdk_portable/emscripten/1.35.0/emcc -o conftest -Wall -fsigned-char -DNDEBUG  conftest.c  1>&5
configure:3570:1: warning: type specifier missing, defaults to 'int' [-Wimplicit-int]
main() {
^
configure:3571:26: warning: implicitly declaring library function 'exit' with type 'void (int) __attribute__((noreturn))'
  volatile char c = 255; exit(c < 0);
                         ^
configure:3571:26: note: include the header <stdlib.h> or explicitly provide a declaration for 'exit'
2 warnings generated.
configure: failed program was:
#line 3565 "configure"
#include "confdefs.h"
/* volatile prevents gcc2 from optimizing the test away on sparcs.  */
#if !defined(__STDC__) || __STDC__ != 1
#define volatile
#endif
main() {
  volatile char c = 255; exit(c < 0);
}
configure:3599: checking whether byte ordering is bigendian
configure:3617: /Users/czenzel/Documents/Source/emsdk_portable/emscripten/1.35.0/emcc -c -Wall -fsigned-char -DNDEBUG conftest.c 1>&5
configure:3632: /Users/czenzel/Documents/Source/emsdk_portable/emscripten/1.35.0/emcc -c -Wall -fsigned-char -DNDEBUG conftest.c 1>&5
configure:3627:2: error: use of undeclared identifier 'not'
 not big endian
 ^
1 error generated.
ERROR:root:[31mcompiler frontend failed to generate LLVM bitcode, halting[0m
configure: failed program was:
#line 3621 "configure"
#include "confdefs.h"
#include <sys/types.h>
#include <sys/param.h>
int main() {

#if BYTE_ORDER != BIG_ENDIAN
 not big endian
#endif
; return 0; }
configure:3689: checking size of short
configure:3708: /Users/czenzel/Documents/Source/emsdk_portable/emscripten/1.35.0/emcc -o conftest -Wall -fsigned-char -DNDEBUG  conftest.c  1>&5
configure:3699:1: warning: type specifier missing, defaults to 'int' [-Wimplicit-int]
main()
^
configure:3702:11: warning: implicitly declaring library function 'exit' with type 'void (int) __attribute__((noreturn))'
  if (!f) exit(1);
          ^
configure:3702:11: note: include the header <stdlib.h> or explicitly provide a declaration for 'exit'
configure:3703:22: warning: format specifies type 'int' but the argument has type 'unsigned long' [-Wformat]
  fprintf(f, "%d\n", sizeof(short));
              ~~     ^~~~~~~~~~~~~
              %lu
3 warnings generated.
configure:3728: checking size of int
configure:3747: /Users/czenzel/Documents/Source/emsdk_portable/emscripten/1.35.0/emcc -o conftest -Wall -fsigned-char -DNDEBUG  conftest.c  1>&5
configure:3738:1: warning: type specifier missing, defaults to 'int' [-Wimplicit-int]
main()
^
configure:3741:11: warning: implicitly declaring library function 'exit' with type 'void (int) __attribute__((noreturn))'
  if (!f) exit(1);
          ^
configure:3741:11: note: include the header <stdlib.h> or explicitly provide a declaration for 'exit'
configure:3742:22: warning: format specifies type 'int' but the argument has type 'unsigned long' [-Wformat]
  fprintf(f, "%d\n", sizeof(int));
              ~~     ^~~~~~~~~~~
              %lu
3 warnings generated.
configure:3767: checking size of long
configure:3786: /Users/czenzel/Documents/Source/emsdk_portable/emscripten/1.35.0/emcc -o conftest -Wall -fsigned-char -DNDEBUG  conftest.c  1>&5
configure:3777:1: warning: type specifier missing, defaults to 'int' [-Wimplicit-int]
main()
^
configure:3780:11: warning: implicitly declaring library function 'exit' with type 'void (int) __attribute__((noreturn))'
  if (!f) exit(1);
          ^
configure:3780:11: note: include the header <stdlib.h> or explicitly provide a declaration for 'exit'
configure:3781:22: warning: format specifies type 'int' but the argument has type 'unsigned long' [-Wformat]
  fprintf(f, "%d\n", sizeof(long));
              ~~     ^~~~~~~~~~~~
              %lu
3 warnings generated.
configure:3806: checking size of float
configure:3825: /Users/czenzel/Documents/Source/emsdk_portable/emscripten/1.35.0/emcc -o conftest -Wall -fsigned-char -DNDEBUG  conftest.c  1>&5
configure:3816:1: warning: type specifier missing, defaults to 'int' [-Wimplicit-int]
main()
^
configure:3819:11: warning: implicitly declaring library function 'exit' with type 'void (int) __attribute__((noreturn))'
  if (!f) exit(1);
          ^
configure:3819:11: note: include the header <stdlib.h> or explicitly provide a declaration for 'exit'
configure:3820:22: warning: format specifies type 'int' but the argument has type 'unsigned long' [-Wformat]
  fprintf(f, "%d\n", sizeof(float));
              ~~     ^~~~~~~~~~~~~
              %lu
3 warnings generated.
configure:3845: checking size of double
configure:3864: /Users/czenzel/Documents/Source/emsdk_portable/emscripten/1.35.0/emcc -o conftest -Wall -fsigned-char -DNDEBUG  conftest.c  1>&5
configure:3855:1: warning: type specifier missing, defaults to 'int' [-Wimplicit-int]
main()
^
configure:3858:11: warning: implicitly declaring library function 'exit' with type 'void (int) __attribute__((noreturn))'
  if (!f) exit(1);
          ^
configure:3858:11: note: include the header <stdlib.h> or explicitly provide a declaration for 'exit'
configure:3859:22: warning: format specifies type 'int' but the argument has type 'unsigned long' [-Wformat]
  fprintf(f, "%d\n", sizeof(double));
              ~~     ^~~~~~~~~~~~~~
              %lu
3 warnings generated.
configure:3884: checking size of off_t
configure:3907: /Users/czenzel/Documents/Source/emsdk_portable/emscripten/1.35.0/emcc -o conftest -Wall -fsigned-char -DNDEBUG  conftest.c  1>&5
configure:3898:1: warning: type specifier missing, defaults to 'int' [-Wimplicit-int]
main()
^
configure:3902:22: warning: format specifies type 'int' but the argument has type 'unsigned long' [-Wformat]
  fprintf(f, "%d\n", sizeof(off_t));
              ~~     ^~~~~~~~~~~~~
              %lu
2 warnings generated.
configure:3927: checking size of size_t
configure:3950: /Users/czenzel/Documents/Source/emsdk_portable/emscripten/1.35.0/emcc -o conftest -Wall -fsigned-char -DNDEBUG  conftest.c  1>&5
configure:3941:1: warning: type specifier missing, defaults to 'int' [-Wimplicit-int]
main()
^
configure:3945:22: warning: format specifies type 'int' but the argument has type 'unsigned long' [-Wformat]
  fprintf(f, "%d\n", sizeof(size_t));
              ~~     ^~~~~~~~~~~~~~
              %lu
2 warnings generated.
configure:4009: checking for catman
configure:4009: checking for makewhatis
configure:4009: checking for /usr/lib/makewhatis
configure:4051: checking for manual-page index command
configure:4055: checking binary distribution directory
